This is pdfTeX, Version 3.1415926-1.40.10 (MiKTeX 2.8) (preloaded format=pdflatex 2009.12.13)  2 MAY 2010 14:54
entering extended mode
**I:/Users/Alex*&*Ramune/Desktop/DSE/laser-swarm/report/compiledProjectPlan.tex

("I:/Users/Alex & Ramune/Desktop/DSE/laser-swarm/report/compiledProjectPlan.tex
"
LaTeX2e <2009/09/24>
Babel <v3.8l> and hyphenation patterns for english, dumylang, nohyphenation, ge
rman, ngerman, german-x-2009-06-19, ngerman-x-2009-06-19, french, loaded.
("I:\Program Files (x86)\MiKTeX 2.8\tex\latex\base\report.cls"
Document Class: report 2007/10/19 v1.4h Standard LaTeX document class
("I:\Program Files (x86)\MiKTeX 2.8\tex\latex\base\size11.clo"
File: size11.clo 2007/10/19 v1.4h Standard LaTeX file (size option)
)
\c@part=\count79
\c@chapter=\count80
\c@section=\count81
\c@subsection=\count82
\c@subsubsection=\count83
\c@paragraph=\count84
\c@subparagraph=\count85
\c@figure=\count86
\c@table=\count87
\abovecaptionskip=\skip41
\belowcaptionskip=\skip42
\bibindent=\dimen102
)
("I:\Program Files (x86)\MiKTeX 2.8\tex\latex\graphics\graphicx.sty"
Package: graphicx 1999/02/16 v1.0f Enhanced LaTeX Graphics (DPC,SPQR)

("I:\Program Files (x86)\MiKTeX 2.8\tex\latex\graphics\keyval.sty"
Package: keyval 1999/03/16 v1.13 key=value parser (DPC)
\KV@toks@=\toks14
)
("I:\Program Files (x86)\MiKTeX 2.8\tex\latex\graphics\graphics.sty"
Package: graphics 2009/02/05 v1.0o Standard LaTeX Graphics (DPC,SPQR)

("I:\Program Files (x86)\MiKTeX 2.8\tex\latex\graphics\trig.sty"
Package: trig 1999/03/16 v1.09 sin cos tan (DPC)
)
("I:\Program Files (x86)\MiKTeX 2.8\tex\latex\00miktex\graphics.cfg"
File: graphics.cfg 2007/01/18 v1.5 graphics configuration of teTeX/TeXLive
)
Package graphics Info: Driver file: pdftex.def on input line 91.

("I:\Program Files (x86)\MiKTeX 2.8\tex\latex\pdftex-def\pdftex.def"
File: pdftex.def 2009/08/25 v0.04m Graphics/color for pdfTeX
\Gread@gobject=\count88
))
\Gin@req@height=\dimen103
\Gin@req@width=\dimen104
)
("I:\Program Files (x86)\MiKTeX 2.8\tex\latex\multirow\multirow.sty"
\bigstrutjot=\dimen105
)
("I:\Users\Alex & Ramune\Desktop\DSE\laser-swarm\report\compiledProjectPlan.aux
")
LaTeX Font Info:    Checking defaults for OML/cmm/m/it on input line 16.
LaTeX Font Info:    ... okay on input line 16.
LaTeX Font Info:    Checking defaults for T1/cmr/m/n on input line 16.
LaTeX Font Info:    ... okay on input line 16.
LaTeX Font Info:    Checking defaults for OT1/cmr/m/n on input line 16.
LaTeX Font Info:    ... okay on input line 16.
LaTeX Font Info:    Checking defaults for OMS/cmsy/m/n on input line 16.
LaTeX Font Info:    ... okay on input line 16.
LaTeX Font Info:    Checking defaults for OMX/cmex/m/n on input line 16.
LaTeX Font Info:    ... okay on input line 16.
LaTeX Font Info:    Checking defaults for U/cmr/m/n on input line 16.
LaTeX Font Info:    ... okay on input line 16.
 ("I:\Program Files (x86)\MiKTeX 2.8\tex\context\base\supp-pdf.tex"
[Loading MPS to PDF converter (version 2006.09.02).]
\scratchcounter=\count89
\scratchdimen=\dimen106
\scratchbox=\box26
\nofMPsegments=\count90
\nofMParguments=\count91
\everyMPshowfont=\toks15
\MPscratchCnt=\count92
\MPscratchDim=\dimen107
\MPnumerator=\count93
\everyMPtoPDFconversion=\toks16
)
("I:\Users\Alex & Ramune\Desktop\DSE\laser-swarm\report\chapters/titlePagePP.te
x"
LaTeX Font Info:    External font `cmex10' loaded for size
(Font)              <10.95> on input line 24.
LaTeX Font Info:    External font `cmex10' loaded for size
(Font)              <8> on input line 24.
LaTeX Font Info:    External font `cmex10' loaded for size
(Font)              <6> on input line 24.
 [1

{I:/ProgramData/MiKTeX/2.8/pdftex/config/pdftex.map}])
("I:\Users\Alex & Ramune\Desktop\DSE\laser-swarm\report\chapters/abstract.tex"
[1])
("I:\Users\Alex & Ramune\Desktop\DSE\laser-swarm\report\compiledProjectPlan.toc
")
\tf@toc=\write3
 [1

]
Chapter 1.
("I:\Users\Alex & Ramune\Desktop\DSE\laser-swarm\report\chapters/dsePPIntro.tex
") ("I:\Users\Alex & Ramune\Desktop\DSE\laser-swarm\report\chapters/dsePPMNS.te
x")
("I:\Users\Alex & Ramune\Desktop\DSE\laser-swarm\report\chapters/dsePPPOS.tex")

("I:\Users\Alex & Ramune\Desktop\DSE\laser-swarm\report\chapters/dsePPRequireme
nts.tex")
("I:\Users\Alex & Ramune\Desktop\DSE\laser-swarm\report\chapters/dsePPSystemDes
cription.tex" [2

]) [3]
Chapter 2.
("I:\Users\Alex & Ramune\Desktop\DSE\laser-swarm\report\chapters/dsePPWFD.tex"
<chapters/img/Workflow_diagram_PP.jpg, id=23, 604.50844pt x 100.12407pt>
File: chapters/img/Workflow_diagram_PP.jpg Graphic file (type jpg)

<use chapters/img/Workflow_diagram_PP.jpg>
<chapters/img/Workflow_diagram_BR.jpg, id=24, 776.14969pt x 214.55156pt>
File: chapters/img/Workflow_diagram_BR.jpg Graphic file (type jpg)

<use chapters/img/Workflow_diagram_BR.jpg>
<chapters/img/Workflow_diagram_MTR.jpg, id=25, 827.34094pt x 292.84406pt>
File: chapters/img/Workflow_diagram_MTR.jpg Graphic file (type jpg)

<use chapters/img/Workflow_diagram_MTR.jpg>
<chapters/img/Workflow_diagram_FR.jpg, id=26, 607.67026pt x 426.99525pt>
File: chapters/img/Workflow_diagram_FR.jpg Graphic file (type jpg)

<use chapters/img/Workflow_diagram_FR.jpg>)
("I:\Users\Alex & Ramune\Desktop\DSE\laser-swarm\report\chapters/dsePPWBS.tex"
<chapters/img/Work_break_down_structure_PP.jpg, id=27, 412.54124pt x 284.56313p
t>
File: chapters/img/Work_break_down_structure_PP.jpg Graphic file (type jpg)
 <use chapters/img/Work_break_down_structure_PP.jpg>
<chapters/img/Work_break_down_structure_BR.jpg, id=28, 711.4078pt x 526.96875pt
>
File: chapters/img/Work_break_down_structure_BR.jpg Graphic file (type jpg)
 <use chapters/img/Work_break_down_structure_BR.jpg>
<chapters/img/Work_break_down_structure_MTR.jpg, id=29, 511.15968pt x 469.755pt
>
File: chapters/img/Work_break_down_structure_MTR.jpg Graphic file (type jpg)
 <use chapters/img/Work_break_down_structure_MTR.jpg>
<chapters/img/Work_break_down_structure_FR.jpg, id=30, 734.745pt x 519.44063pt>
File: chapters/img/Work_break_down_structure_FR.jpg Graphic file (type jpg)
<use chapters/img/Work_break_down_structure_FR.jpg>)
("I:\Users\Alex & Ramune\Desktop\DSE\laser-swarm\report\chapters/dsePPProjectAp
proachDescription.tex" [4

])
("I:\Users\Alex & Ramune\Desktop\DSE\laser-swarm\report\chapters/dsePPOBS.tex"
LaTeX Font Info:    Try loading font information for OMS+cmr on input line 7.

("I:\Program Files (x86)\MiKTeX 2.8\tex\latex\base\omscmr.fd"
File: omscmr.fd 1999/05/25 v2.5h Standard LaTeX font definitions
)
LaTeX Font Info:    Font shape `OMS/cmr/m/n' in size <10.95> not available
(Font)              Font shape `OMS/cmsy/m/n' tried instead on input line 7.
 [5]
<chapters/img/Organogram.jpg, id=40, 512.75565pt x 690.4194pt>
File: chapters/img/Organogram.jpg Graphic file (type jpg)

<use chapters/img/Organogram.jpg>)
("I:\Users\Alex & Ramune\Desktop\DSE\laser-swarm\report\chapters/dsePPTimeline.
tex")
("I:\Users\Alex & Ramune\Desktop\DSE\laser-swarm\report\chapters/dsePPRiskMP.te
x" [6] [7]) [8] [9 <I:/Users/Alex & Ramune/Desktop/DSE/laser-swarm/report/chapt
ers/img/Workflow_diagram_PP.jpg>] [10 <I:/Users/Alex & Ramune/Desktop/DSE/laser
-swarm/report/chapters/img/Workflow_diagram_BR.jpg>] [11 <I:/Users/Alex & Ramun
e/Desktop/DSE/laser-swarm/report/chapters/img/Workflow_diagram_MTR.jpg>]
[12 <I:/Users/Alex & Ramune/Desktop/DSE/laser-swarm/report/chapters/img/Workflo
w_diagram_FR.jpg>] [13 <I:/Users/Alex & Ramune/Desktop/DSE/laser-swarm/report/c
hapters/img/Work_break_down_structure_PP.jpg>] [14 <I:/Users/Alex & Ramune/Desk
top/DSE/laser-swarm/report/chapters/img/Work_break_down_structure_BR.jpg>]
[15 <I:/Users/Alex & Ramune/Desktop/DSE/laser-swarm/report/chapters/img/Work_br
eak_down_structure_MTR.jpg>] [16 <I:/Users/Alex & Ramune/Desktop/DSE/laser-swar
m/report/chapters/img/Work_break_down_structure_FR.jpg>] [17 <I:/Users/Alex & R
amune/Desktop/DSE/laser-swarm/report/chapters/img/Organogram.jpg>]
Chapter 3.

("I:\Users\Alex & Ramune\Desktop\DSE\laser-swarm\report\chapters/dseSustainable
.tex")
("I:\Users\Alex & Ramune\Desktop\DSE\laser-swarm\report\compiledProjectPlan.bbl
" [18

]) [19

]
Appendix A.
[20

]
("I:\Users\Alex & Ramune\Desktop\DSE\laser-swarm\report\compiledProjectPlan.aux
") ) 
Here is how much of TeX's memory you used:
 1091 strings out of 495285
 17811 string characters out of 3179853
 66854 words of memory out of 3000000
 4271 multiletter control sequences out of 15000+200000
 11307 words of font info for 39 fonts, out of 3000000 for 9000
 14 hyphenation exceptions out of 8191
 25i,9n,19p,716b,257s stack positions out of 5000i,500n,10000p,200000b,50000s
<I:/Program Files (x86)/MiKTeX 2.8/fonts/type1/public/amsfonts/cm/cmbx10.pf
b><I:/Program Files (x86)/MiKTeX 2.8/fonts/type1/public/amsfonts/cm/cmbx12.pfb>
<I:/Program Files (x86)/MiKTeX 2.8/fonts/type1/public/amsfonts/cm/cmcsc10.pfb><
I:/Program Files (x86)/MiKTeX 2.8/fonts/type1/public/amsfonts/cm/cmr10.pfb><I:/
Program Files (x86)/MiKTeX 2.8/fonts/type1/public/amsfonts/cm/cmr8.pfb><I:/Prog
ram Files (x86)/MiKTeX 2.8/fonts/type1/public/amsfonts/cm/cmsy10.pfb><I:/Progra
m Files (x86)/MiKTeX 2.8/fonts/type1/public/amsfonts/cm/cmti10.pfb><I:/Program 
Files (x86)/MiKTeX 2.8/fonts/type1/public/amsfonts/cm/cmti12.pfb>
Output written on compiledProjectPlan.pdf (22 pages, 4036027 bytes).
PDF statistics:
 114 PDF objects out of 1000 (max. 8388607)
 0 named destinations out of 1000 (max. 500000)
 46 words of extra memory for PDF output out of 10000 (max. 10000000)

