This is pdfTeX, Version 3.1415926-1.40.10 (MiKTeX 2.8) (preloaded format=pdflatex 2010.4.20)  14 JUN 2010 17:36
entering extended mode
**C:/Users/Alex/Desktop/Laser*Swarm/laser-swarm/finalReport/FinalReport2.tex
("C:/Users/Alex/Desktop/Laser Swarm/laser-swarm/finalReport/FinalReport2.tex"
LaTeX2e <2009/09/24>
Babel <v3.8l> and hyphenation patterns for english, dumylang, nohyphenation, ge
rman, ngerman, german-x-2009-06-19, ngerman-x-2009-06-19, french, loaded.
("C:\Program Files (x86)\MiKTeX 2.8\tex\latex\base\report.cls"
Document Class: report 2007/10/19 v1.4h Standard LaTeX document class
("C:\Program Files (x86)\MiKTeX 2.8\tex\latex\base\size11.clo"
File: size11.clo 2007/10/19 v1.4h Standard LaTeX file (size option)
)
\c@part=\count79
\c@chapter=\count80
\c@section=\count81
\c@subsection=\count82
\c@subsubsection=\count83
\c@paragraph=\count84
\c@subparagraph=\count85
\c@figure=\count86
\c@table=\count87
\abovecaptionskip=\skip41
\belowcaptionskip=\skip42
\bibindent=\dimen102
)
("C:\Program Files (x86)\MiKTeX 2.8\tex\latex\oberdiek\pdflscape.sty"
Package: pdflscape 2008/08/11 v0.10 Landscape pages in PDF (HO)

("C:\Program Files (x86)\MiKTeX 2.8\tex\latex\graphics\lscape.sty"
Package: lscape 2000/10/22 v3.01 Landscape Pages (DPC)

("C:\Program Files (x86)\MiKTeX 2.8\tex\latex\graphics\graphics.sty"
Package: graphics 2009/02/05 v1.0o Standard LaTeX Graphics (DPC,SPQR)

("C:\Program Files (x86)\MiKTeX 2.8\tex\latex\graphics\trig.sty"
Package: trig 1999/03/16 v1.09 sin cos tan (DPC)
)
("C:\Program Files (x86)\MiKTeX 2.8\tex\latex\00miktex\graphics.cfg"
File: graphics.cfg 2007/01/18 v1.5 graphics configuration of teTeX/TeXLive
)
Package graphics Info: Driver file: pdftex.def on input line 91.

("C:\Program Files (x86)\MiKTeX 2.8\tex\latex\pdftex-def\pdftex.def"
File: pdftex.def 2010/02/14 v0.04n Graphics/color for pdfTeX
\Gread@gobject=\count88
)))
("C:\Program Files (x86)\MiKTeX 2.8\tex\generic\oberdiek\ifpdf.sty"
Package: ifpdf 2010/01/28 v2.1 Provides the ifpdf switch (HO)
Package ifpdf Info: pdfTeX in pdf mode detected.
)
Package pdflscape Info: Auto-detected driver: pdftex on input line 77.

("C:\Program Files (x86)\MiKTeX 2.8\tex\latex\ifxetex\ifxetex.sty"
Package: ifxetex 2009/01/23 v0.5 Provides ifxetex conditional
))
("C:\Program Files (x86)\MiKTeX 2.8\tex\latex\tools\longtable.sty"
Package: longtable 2004/02/01 v4.11 Multi-page Table package (DPC)
\LTleft=\skip43
\LTright=\skip44
\LTpre=\skip45
\LTpost=\skip46
\LTchunksize=\count89
\LTcapwidth=\dimen103
\LT@head=\box26
\LT@firsthead=\box27
\LT@foot=\box28
\LT@lastfoot=\box29
\LT@cols=\count90
\LT@rows=\count91
\c@LT@tables=\count92
\c@LT@chunks=\count93
\LT@p@ftn=\toks14
)
("C:\Program Files (x86)\MiKTeX 2.8\tex\latex\multirow\multirow.sty"
\bigstrutjot=\dimen104
)
("C:\Program Files (x86)\MiKTeX 2.8\tex\latex\tools\enumerate.sty"
Package: enumerate 1999/03/05 v3.00 enumerate extensions (DPC)
\@enLab=\toks15
)
("C:\Program Files (x86)\MiKTeX 2.8\tex\latex\acronym\acronym.sty"
Package: acronym 2009/10/20 v1.35 Support for acronyms (Tobias Oetiker)

("C:\Program Files (x86)\MiKTeX 2.8\tex\latex\bigfoot\suffix.sty"
Package: suffix 2006/07/15 1.5 Variant command support
)
\AC@clearlist=\toks16
)
("C:\Program Files (x86)\MiKTeX 2.8\tex\latex\graphics\graphicx.sty"
Package: graphicx 1999/02/16 v1.0f Enhanced LaTeX Graphics (DPC,SPQR)

("C:\Program Files (x86)\MiKTeX 2.8\tex\latex\graphics\keyval.sty"
Package: keyval 1999/03/16 v1.13 key=value parser (DPC)
\KV@toks@=\toks17
)
\Gin@req@height=\dimen105
\Gin@req@width=\dimen106
)
("C:\Program Files (x86)\MiKTeX 2.8\tex\latex\wrapfig\wrapfig.sty"
\wrapoverhang=\dimen107
\WF@size=\dimen108
\c@WF@wrappedlines=\count94
\WF@box=\box30
\WF@everypar=\toks18
Package: wrapfig 2003/01/31  v 3.6
)
("C:\Program Files (x86)\MiKTeX 2.8\tex\latex\subfig\subfig.sty"
Package: subfig 2005/06/28 ver: 1.3 subfig package

("C:\Program Files (x86)\MiKTeX 2.8\tex\latex\caption\caption.sty"
Package: caption 2010/01/09 v3.1m Customizing captions (AR)

("C:\Program Files (x86)\MiKTeX 2.8\tex\latex\caption\caption3.sty"
Package: caption3 2010/01/14 v3.1m caption3 kernel (AR)
\captionmargin=\dimen109
\captionmargin@=\dimen110
\captionwidth=\dimen111
\caption@indent=\dimen112
\caption@parindent=\dimen113
\caption@hangindent=\dimen114
)
\c@ContinuedFloat=\count95
Package caption Info: longtable package is loaded.

("C:\Program Files (x86)\MiKTeX 2.8\tex\latex\caption\ltcaption.sty"
Package: ltcaption 2008/03/28 v1.2 longtable captions (AR)
)
Package caption Info: wrapfig package is loaded.
)
\c@KVtest=\count96
\sf@farskip=\skip47
\sf@captopadj=\dimen115
\sf@capskip=\skip48
\sf@nearskip=\skip49
\c@subfigure=\count97
\c@subfigure@save=\count98
\c@lofdepth=\count99
\c@subtable=\count100
\c@subtable@save=\count101
\c@lotdepth=\count102
\sf@top=\skip50
\sf@bottom=\skip51
)
("C:\Program Files (x86)\MiKTeX 2.8\tex\latex\ams\math\amsmath.sty"
Package: amsmath 2000/07/18 v2.13 AMS math features
\@mathmargin=\skip52

For additional information on amsmath, use the `?' option.
("C:\Program Files (x86)\MiKTeX 2.8\tex\latex\ams\math\amstext.sty"
Package: amstext 2000/06/29 v2.01

("C:\Program Files (x86)\MiKTeX 2.8\tex\latex\ams\math\amsgen.sty"
File: amsgen.sty 1999/11/30 v2.0
\@emptytoks=\toks19
\ex@=\dimen116
))
("C:\Program Files (x86)\MiKTeX 2.8\tex\latex\ams\math\amsbsy.sty"
Package: amsbsy 1999/11/29 v1.2d
\pmbraise@=\dimen117
)
("C:\Program Files (x86)\MiKTeX 2.8\tex\latex\ams\math\amsopn.sty"
Package: amsopn 1999/12/14 v2.01 operator names
)
\inf@bad=\count103
LaTeX Info: Redefining \frac on input line 211.
\uproot@=\count104
\leftroot@=\count105
LaTeX Info: Redefining \overline on input line 307.
\classnum@=\count106
\DOTSCASE@=\count107
LaTeX Info: Redefining \ldots on input line 379.
LaTeX Info: Redefining \dots on input line 382.
LaTeX Info: Redefining \cdots on input line 467.
\Mathstrutbox@=\box31
\strutbox@=\box32
\big@size=\dimen118
LaTeX Font Info:    Redeclaring font encoding OML on input line 567.
LaTeX Font Info:    Redeclaring font encoding OMS on input line 568.
\macc@depth=\count108
\c@MaxMatrixCols=\count109
\dotsspace@=\muskip10
\c@parentequation=\count110
\dspbrk@lvl=\count111
\tag@help=\toks20
\row@=\count112
\column@=\count113
\maxfields@=\count114
\andhelp@=\toks21
\eqnshift@=\dimen119
\alignsep@=\dimen120
\tagshift@=\dimen121
\tagwidth@=\dimen122
\totwidth@=\dimen123
\lineht@=\dimen124
\@envbody=\toks22
\multlinegap=\skip53
\multlinetaggap=\skip54
\mathdisplay@stack=\toks23
LaTeX Info: Redefining \[ on input line 2666.
LaTeX Info: Redefining \] on input line 2667.
)
("C:\Program Files (x86)\MiKTeX 2.8\tex\latex\ltxmisc\url.sty"
\Urlmuskip=\muskip11
Package: url 2006/04/12  ver 3.3  Verb mode for urls, etc.
)
("C:\Program Files (x86)\MiKTeX 2.8\tex\latex\base\fixltx2e.sty"
Package: fixltx2e 2006/09/13 v1.1m fixes to LaTeX
LaTeX Info: Redefining \em on input line 420.
LaTeX Info: The control sequence `\[' is already robust on input line 471.
LaTeX Info: The control sequence `\]' is already robust on input line 472.
)
("C:\Program Files (x86)\MiKTeX 2.8\tex\latex\booktabs\booktabs.sty"
Package: booktabs 2005/04/14 v1.61803 publication quality tables
\heavyrulewidth=\dimen125
\lightrulewidth=\dimen126
\cmidrulewidth=\dimen127
\belowrulesep=\dimen128
\belowbottomsep=\dimen129
\aboverulesep=\dimen130
\abovetopsep=\dimen131
\cmidrulesep=\dimen132
\cmidrulekern=\dimen133
\defaultaddspace=\dimen134
\@cmidla=\count115
\@cmidlb=\count116
\@aboverulesep=\dimen135
\@belowrulesep=\dimen136
\@thisruleclass=\count117
\@lastruleclass=\count118
\@thisrulewidth=\dimen137
)
("C:\Users\Alex\Desktop\Laser Swarm\laser-swarm\finalReport\FinalReport2.aux"

LaTeX Warning: Label `fig:recLife' multiply defined.


LaTeX Warning: Label `fig:elecMin' multiply defined.


LaTeX Warning: Label `sub@fig:elecMin' multiply defined.


LaTeX Warning: Label `fig:elecMax' multiply defined.


LaTeX Warning: Label `sub@fig:elecMax' multiply defined.


LaTeX Warning: Label `fig:elecMin' multiply defined.


LaTeX Warning: Label `sub@fig:elecMin' multiply defined.

)
LaTeX Font Info:    Checking defaults for OML/cmm/m/it on input line 30.
LaTeX Font Info:    ... okay on input line 30.
LaTeX Font Info:    Checking defaults for T1/cmr/m/n on input line 30.
LaTeX Font Info:    ... okay on input line 30.
LaTeX Font Info:    Checking defaults for OT1/cmr/m/n on input line 30.
LaTeX Font Info:    ... okay on input line 30.
LaTeX Font Info:    Checking defaults for OMS/cmsy/m/n on input line 30.
LaTeX Font Info:    ... okay on input line 30.
LaTeX Font Info:    Checking defaults for OMX/cmex/m/n on input line 30.
LaTeX Font Info:    ... okay on input line 30.
LaTeX Font Info:    Checking defaults for U/cmr/m/n on input line 30.
LaTeX Font Info:    ... okay on input line 30.
 ("C:\Program Files (x86)\MiKTeX 2.8\tex\context\base\supp-pdf.tex"
[Loading MPS to PDF converter (version 2006.09.02).]
\scratchcounter=\count119
\scratchdimen=\dimen138
\scratchbox=\box33
\nofMPsegments=\count120
\nofMParguments=\count121
\everyMPshowfont=\toks24
\MPscratchCnt=\count122
\MPscratchDim=\dimen139
\MPnumerator=\count123
\everyMPtoPDFconversion=\toks25
)
Package caption Info: Begin \AtBeginDocument code.
Package caption3 Info: subfig package 1.2 or 1.3 is loaded.
LaTeX Info: Redefining \subref on input line 30.
Package caption Info: End \AtBeginDocument code.

("C:\Users\Alex\Desktop\Laser Swarm\laser-swarm\finalReport\chapters/titlePage.
tex" [1

{C:/ProgramData/MiKTeX/2.8/pdftex/config/pdftex.map}])
("C:\Users\Alex\Desktop\Laser Swarm\laser-swarm\finalReport\chapters/preface.te
x"
Package acronym Info: Label `acro:SPAD' newly defined as it shall be overridden

although it is yet undefined on input line 8.
)
Underfull \hbox (badness 10000) in paragraph at lines 10--47

 []


Underfull \hbox (badness 10000) in paragraph at lines 10--47

 []


Underfull \hbox (badness 10000) in paragraph at lines 10--47

 []


Underfull \hbox (badness 10000) in paragraph at lines 10--47

 []


Underfull \hbox (badness 10000) in paragraph at lines 10--47

 []

[1

] ("C:\Users\Alex\Desktop\Laser Swarm\laser-swarm\finalReport\FinalReport2.toc"
 [2

])
\tf@toc=\write3
 [3]
("C:\Users\Alex\Desktop\Laser Swarm\laser-swarm\finalReport\FinalReport2.lof"
[4

])
\tf@lof=\write4
 [5]
("C:\Users\Alex\Desktop\Laser Swarm\laser-swarm\finalReport\FinalReport2.lot")
\tf@lot=\write5

[6

]
("C:\Users\Alex\Desktop\Laser Swarm\laser-swarm\finalReport\chapters/SymbList.t
ex" [7]) [8]
("C:\Users\Alex\Desktop\Laser Swarm\laser-swarm\finalReport\chapters/acronyms.t
ex")
("C:\Users\Alex\Desktop\Laser Swarm\laser-swarm\finalReport\chapters/abstract.t
ex" [9]
Package acronym Info: Label `acro:LiDAR' newly defined as it shall be overridde
n
although it is yet undefined on input line 2.
 [1])
Chapter 1.

("C:\Users\Alex\Desktop\Laser Swarm\laser-swarm\finalReport\chapters/introducti
on.tex"
Package acronym Info: Label `acro:GLAS' newly defined as it shall be overridden

although it is yet undefined on input line 2.
)
("C:\Users\Alex\Desktop\Laser Swarm\laser-swarm\finalReport\chapters/astrodynam
ics.tex" [1

]
Chapter 2.
[2

] <chapters/img/lvmass.png, id=61, 711.65875pt x 390.45876pt>
File: chapters/img/lvmass.png Graphic file (type png)

<use chapters/img/lvmass.png>
<chapters/img/soyuzvol.png, id=62, 528.97626pt x 712.6625pt>
File: chapters/img/soyuzvol.png Graphic file (type png)

<use chapters/img/soyuzvol.png>

LaTeX Warning: `!h' float specifier changed to `!ht'.

[3]
LaTeX Font Info:    Try loading font information for OMS+cmr on input line 99.
 ("C:\Program Files (x86)\MiKTeX 2.8\tex\latex\base\omscmr.fd"
File: omscmr.fd 1999/05/25 v2.5h Standard LaTeX font definitions
)
LaTeX Font Info:    Font shape `OMS/cmr/m/n' in size <10> not available
(Font)              Font shape `OMS/cmsy/m/n' tried instead on input line 99.
 [4 <C:/Users/Alex/Desktop/Laser Swarm/laser-swarm/finalReport/chapters/img/lvm
ass.png (PNG copy)>]
Underfull \hbox (badness 10000) in paragraph at lines 111--111
[]\OT1/cmr/m/n/10.95 Latitude
 []


Underfull \hbox (badness 10000) in paragraph at lines 111--112
[]\OT1/cmr/m/n/10.95 Longitude
 []

<chapters/img/launchsites.png, id=69, 1653.17625pt x 839.135pt>
File: chapters/img/launchsites.png Graphic file (type png)

<use chapters/img/launchsites.png>

LaTeX Warning: `!h' float specifier changed to `!ht'.

Package acronym Info: Label `acro:ELS' newly defined as it shall be overridden
although it is yet undefined on input line 132.
[5 <C:/Users/Alex/Desktop/Laser Swarm/laser-swarm/finalReport/chapters/img/soyu
zvol.png (PNG copy)>]
<chapters/img/launchprofile.png, id=73, 1447.4075pt x 739.76375pt>
File: chapters/img/launchprofile.png Graphic file (type png)

<use chapters/img/launchprofile.png>

LaTeX Warning: `!h' float specifier changed to `!ht'.

[6 <C:/Users/Alex/Desktop/Laser Swarm/laser-swarm/finalReport/chapters/img/laun
chsites.png (PNG copy)>] [7 <C:/Users/Alex/Desktop/Laser Swarm/laser-swarm/fina
lReport/chapters/img/launchprofile.png (PNG copy)>]
Package acronym Info: Label `acro:RAAN' newly defined as it shall be overridden

although it is yet undefined on input line 196.

<chapters/img/solarCycle.png, id=81, 542.025pt x 414.04688pt>
File: chapters/img/solarCycle.png Graphic file (type png)

<use chapters/img/solarCycle.png>

LaTeX Warning: `!h' float specifier changed to `!ht'.


LaTeX Warning: Reference `frPMGC' on page 8 undefined on input line 210.

[8]

LaTeX Warning: `!h' float specifier changed to `!ht'.

Package acronym Info: Label `acro:LEO' newly defined as it shall be overridden
although it is yet undefined on input line 257.
[9 <C:/Users/Alex/Desktop/Laser Swarm/laser-swarm/finalReport/chapters/img/sola
rCycle.png (PNG copy)>] [10]

LaTeX Warning: Reference `DDMBB' on page 11 undefined on input line 297.

<chapters/img/wetareaEmitter.png, id=93, 240.9pt x 197.2971pt>
File: chapters/img/wetareaEmitter.png Graphic file (type png)

<use chapters/img/wetareaEmitter.png>
<chapters/img/densityAltitude.png, id=94, 578.6418pt x 434.1018pt>
File: chapters/img/densityAltitude.png Graphic file (type png)

<use chapters/img/densityAltitude.png> [11 <C:/Users/Alex/Desktop/Laser Swarm/l
aser-swarm/finalReport/chapters/img/wetareaEmitter.png (PNG copy)>] [12 <C:/Use
rs/Alex/Desktop/Laser Swarm/laser-swarm/finalReport/chapters/img/densityAltitud
e.png (PNG copy)>] [13]

LaTeX Warning: Reference `DDMBB' on page 14 undefined on input line 429.

[14] [15] [16] <chapters/img/emitterDecay.png, id=114, 240.9pt x 185.7339pt>
File: chapters/img/emitterDecay.png Graphic file (type png)

<use chapters/img/emitterDecay.png>
<chapters/img/receiverDecay.png, id=115, 240.9pt x 185.7339pt>
File: chapters/img/receiverDecay.png Graphic file (type png)

<use chapters/img/receiverDecay.png>
<chapters/img/receiverDecay2nd.png, id=116, 240.9pt x 185.7339pt>
File: chapters/img/receiverDecay2nd.png Graphic file (type png)

<use chapters/img/receiverDecay2nd.png> [17

 <C:/Users/Alex/Desktop/Laser Swarm/laser-swarm/finalReport/chapters/img/emitte
rDecay.png (PNG copy)>] [18 <C:/Users/Alex/Desktop/Laser Swarm/laser-swarm/fina
lReport/chapters/img/receiverDecay.png (PNG copy)>] [19 <C:/Users/Alex/Desktop/
Laser Swarm/laser-swarm/finalReport/chapters/img/receiverDecay2nd.png (PNG copy
)>]
<chapters/img/primaryconfmax.png, id=126, 952.55875pt x 584.1825pt>
File: chapters/img/primaryconfmax.png Graphic file (type png)

<use chapters/img/primaryconfmax.png>
<chapters/img/primaryconfmin.png, id=127, 952.55875pt x 554.07pt>
File: chapters/img/primaryconfmin.png Graphic file (type png)

<use chapters/img/primaryconfmin.png> [20

 <C:/Users/Alex/Desktop/Laser Swarm/laser-swarm/finalReport/chapters/img/primar
yconfmax.png (PNG copy)> <C:/Users/Alex/Desktop/Laser Swarm/laser-swarm/finalRe
port/chapters/img/primaryconfmin.png (PNG copy)>]
<chapters/img/intersectionPhase.png, id=132, 1119.43219pt x 682.04813pt>
File: chapters/img/intersectionPhase.png Graphic file (type png)

<use chapters/img/intersectionPhase.png> [21 <C:/Users/Alex/Desktop/Laser Swarm
/laser-swarm/finalReport/chapters/img/intersectionPhase.png (PNG copy)>]
<chapters/img/relRec1.png, id=136, 240.9pt x 153.4533pt>
File: chapters/img/relRec1.png Graphic file (type png)

<use chapters/img/relRec1.png>
<chapters/img/relRec2.png, id=137, 240.9pt x 153.4533pt>
File: chapters/img/relRec2.png Graphic file (type png)

<use chapters/img/relRec2.png>

LaTeX Warning: Float too large for page by 55.37149pt on input line 582.

[22] [23 <C:/Users/Alex/Desktop/Laser Swarm/laser-swarm/finalReport/chapters/im
g/relRec1.png (PNG copy)> <C:/Users/Alex/Desktop/Laser Swarm/laser-swarm/finalR
eport/chapters/img/relRec2.png (PNG copy)>]
<chapters/img/ground.png, id=144, 1331.97626pt x 958.58125pt>
File: chapters/img/ground.png Graphic file (type png)

<use chapters/img/ground.png> [24

 <C:/Users/Alex/Desktop/Laser Swarm/laser-swarm/finalReport/chapters/img/ground
.png (PNG copy)>]
<chapters/img/collA.png, id=148, 552.56438pt x 386.19281pt>
File: chapters/img/collA.png Graphic file (type png)

<use chapters/img/collA.png>
<chapters/img/collB.png, id=149, 552.56438pt x 386.19281pt>
File: chapters/img/collB.png Graphic file (type png)

<use chapters/img/collB.png>
<chapters/img/collC.png, id=150, 552.56438pt x 386.19281pt>
File: chapters/img/collC.png Graphic file (type png)

<use chapters/img/collC.png>
<chapters/img/debris.png, id=151, 803.0pt x 602.25pt>
File: chapters/img/debris.png Graphic file (type png)

<use chapters/img/debris.png>

LaTeX Warning: `!h' float specifier changed to `!ht'.

<chapters/img/meteoroid.png, id=152, 803.0pt x 602.25pt>
File: chapters/img/meteoroid.png Graphic file (type png)

<use chapters/img/meteoroid.png> [25

] [26 <C:/Users/Alex/Desktop/Laser Swarm/laser-swarm/finalReport/chapters/img/c
ollA.png (PNG copy)> <C:/Users/Alex/Desktop/Laser Swarm/laser-swarm/finalReport
/chapters/img/collB.png (PNG copy)> <C:/Users/Alex/Desktop/Laser Swarm/laser-sw
arm/finalReport/chapters/img/collC.png (PNG copy)>] [27 <C:/Users/Alex/Desktop/
Laser Swarm/laser-swarm/finalReport/chapters/img/debris.png (PNG copy)>] [28 <C
:/Users/Alex/Desktop/Laser Swarm/laser-swarm/finalReport/chapters/img/meteoroid
.png (PNG copy)>]
<chapters/img/sd2_dose.png, id=169, 803.0pt x 602.25pt>
File: chapters/img/sd2_dose.png Graphic file (type png)

<use chapters/img/sd2_dose.png>
<chapters/img/elecFluxMax.png, id=170, 803.0pt x 602.25pt>
File: chapters/img/elecFluxMax.png Graphic file (type png)

<use chapters/img/elecFluxMax.png>
<chapters/img/protFluxMax.png, id=171, 803.0pt x 602.25pt>
File: chapters/img/protFluxMax.png Graphic file (type png)

<use chapters/img/protFluxMax.png>)
("C:\Users\Alex\Desktop\Laser Swarm\laser-swarm\finalReport\chapters/SS.tex"
[29 <C:/Users/Alex/Desktop/Laser Swarm/laser-swarm/finalReport/chapters/img/sd2
_dose.png (PNG copy)>] [30 <C:/Users/Alex/Desktop/Laser Swarm/laser-swarm/final
Report/chapters/img/elecFluxMax.png (PNG copy)> <C:/Users/Alex/Desktop/Laser Sw
arm/laser-swarm/finalReport/chapters/img/protFluxMax.png (PNG copy)>]
Chapter 3.
Package acronym Info: Label `acro:EOL' newly defined as it shall be overridden
although it is yet undefined on input line 4.
) ("C:\Users\Alex\Desktop\Laser Swarm\laser-swarm\finalReport\chapters/SSPRO.te
x")
("C:\Users\Alex\Desktop\Laser Swarm\laser-swarm\finalReport\chapters/SSOPE.tex"
) ("C:\Users\Alex\Desktop\Laser Swarm\laser-swarm\finalReport\chapters/SSEOL.te
x") [31

]
("C:\Users\Alex\Desktop\Laser Swarm\laser-swarm\finalReport\FinalReport2.bbl"
[32]
Missing character: There is no É in font cmr10!
Missing character: There is no é in font cmr10!
Missing character: There is no é in font cmr10!
) [33

]
Appendix A.
[34

] <chapters/img/soyuzfact.png, id=194, 1451.4225pt x 829.0975pt>
File: chapters/img/soyuzfact.png Graphic file (type png)

<use chapters/img/soyuzfact.png> [35 <C:/Users/Alex/Desktop/Laser Swarm/laser-s
warm/finalReport/chapters/img/soyuzfact.png (PNG copy)>]
("C:\Users\Alex\Desktop\Laser Swarm\laser-swarm\finalReport\FinalReport2.aux")

LaTeX Warning: There were undefined references.


LaTeX Warning: There were multiply-defined labels.

 ) 
Here is how much of TeX's memory you used:
 3814 strings out of 495285
 57175 string characters out of 3179881
 122974 words of memory out of 3000000
 6901 multiletter control sequences out of 15000+200000
 14873 words of font info for 52 fonts, out of 3000000 for 9000
 14 hyphenation exceptions out of 8191
 44i,11n,45p,1055b,362s stack positions out of 5000i,500n,10000p,200000b,50000s
<C:/Program Files (x86)/MiKTeX 2.8/fonts/type1/public/amsfonts/cm/cmbx10.pfb>
<C:/Program Files (x86)/MiKTeX 2.8/fonts/type1/public/amsfonts/cm/cmbx12.pfb><C
:/Program Files (x86)/MiKTeX 2.8/fonts/type1/public/amsfonts/cm/cmcsc10.pfb><C:
/Program Files (x86)/MiKTeX 2.8/fonts/type1/public/amsfonts/cm/cmex10.pfb><C:/P
rogram Files (x86)/MiKTeX 2.8/fonts/type1/public/amsfonts/cm/cmmi10.pfb><C:/Pro
gram Files (x86)/MiKTeX 2.8/fonts/type1/public/amsfonts/cm/cmmi5.pfb><C:/Progra
m Files (x86)/MiKTeX 2.8/fonts/type1/public/amsfonts/cm/cmmi7.pfb><C:/Program F
iles (x86)/MiKTeX 2.8/fonts/type1/public/amsfonts/cm/cmmi8.pfb><C:/Program File
s (x86)/MiKTeX 2.8/fonts/type1/public/amsfonts/cm/cmr10.pfb><C:/Program Files (
x86)/MiKTeX 2.8/fonts/type1/public/amsfonts/cm/cmr5.pfb><C:/Program Files (x86)
/MiKTeX 2.8/fonts/type1/public/amsfonts/cm/cmr6.pfb><C:/Program Files (x86)/MiK
TeX 2.8/fonts/type1/public/amsfonts/cm/cmr7.pfb><C:/Program Files (x86)/MiKTeX 
2.8/fonts/type1/public/amsfonts/cm/cmr8.pfb><C:/Program Files (x86)/MiKTeX 2.8/
fonts/type1/public/amsfonts/cm/cmr9.pfb><C:/Program Files (x86)/MiKTeX 2.8/font
s/type1/public/amsfonts/cm/cmsl10.pfb><C:/Program Files (x86)/MiKTeX 2.8/fonts/
type1/public/amsfonts/cm/cmssbx10.pfb><C:/Program Files (x86)/MiKTeX 2.8/fonts/
type1/public/amsfonts/cm/cmsy10.pfb><C:/Program Files (x86)/MiKTeX 2.8/fonts/ty
pe1/public/amsfonts/cm/cmsy7.pfb><C:/Program Files (x86)/MiKTeX 2.8/fonts/type1
/public/amsfonts/cm/cmsy8.pfb><C:/Program Files (x86)/MiKTeX 2.8/fonts/type1/pu
blic/amsfonts/cm/cmti10.pfb><C:/Program Files (x86)/MiKTeX 2.8/fonts/type1/publ
ic/amsfonts/cm/cmti12.pfb>
Output written on FinalReport2.pdf (46 pages, 1706139 bytes).
PDF statistics:
 265 PDF objects out of 1000 (max. 8388607)
 0 named destinations out of 1000 (max. 500000)
 126 words of extra memory for PDF output out of 10000 (max. 10000000)

