This is pdfTeXk, Version 3.141592-1.40.3 (Web2C 7.5.6) (format=pdflatex 2010.3.30)  22 APR 2010 18:51
entering extended mode
 %&-line parsing enabled.
**compiledProjectPlan.tex
(./compiledProjectPlan.tex
LaTeX2e <2005/12/01>
Babel <v3.8h> and hyphenation patterns for english, usenglishmax, dumylang, noh
yphenation, loaded.
(/usr/share/texmf-texlive/tex/latex/base/report.cls
Document Class: report 2005/09/16 v1.4f Standard LaTeX document class
(/usr/share/texmf-texlive/tex/latex/base/size11.clo
File: size11.clo 2005/09/16 v1.4f Standard LaTeX file (size option)
)
\c@part=\count79
\c@chapter=\count80
\c@section=\count81
\c@subsection=\count82
\c@subsubsection=\count83
\c@paragraph=\count84
\c@subparagraph=\count85
\c@figure=\count86
\c@table=\count87
\abovecaptionskip=\skip41
\belowcaptionskip=\skip42
\bibindent=\dimen102
)
(/usr/share/texmf-texlive/tex/latex/graphics/graphicx.sty
Package: graphicx 1999/02/16 v1.0f Enhanced LaTeX Graphics (DPC,SPQR)

(/usr/share/texmf-texlive/tex/latex/graphics/keyval.sty
Package: keyval 1999/03/16 v1.13 key=value parser (DPC)
\KV@toks@=\toks14
)
(/usr/share/texmf-texlive/tex/latex/graphics/graphics.sty
Package: graphics 2006/02/20 v1.0o Standard LaTeX Graphics (DPC,SPQR)

(/usr/share/texmf-texlive/tex/latex/graphics/trig.sty
Package: trig 1999/03/16 v1.09 sin cos tan (DPC)
)
(/etc/texmf/tex/latex/config/graphics.cfg
File: graphics.cfg 2007/01/18 v1.5 graphics configuration of teTeX/TeXLive
)
Package graphics Info: Driver file: pdftex.def on input line 90.

(/usr/share/texmf-texlive/tex/latex/pdftex-def/pdftex.def
File: pdftex.def 2007/01/08 v0.04d Graphics/color for pdfTeX
\Gread@gobject=\count88
))
\Gin@req@height=\dimen103
\Gin@req@width=\dimen104
)
(/usr/share/texmf-texlive/tex/latex/multirow/multirow.sty
\bigstrutjot=\dimen105
)
(./compiledProjectPlan.aux)
\openout1 = `compiledProjectPlan.aux'.

LaTeX Font Info:    Checking defaults for OML/cmm/m/it on input line 12.
LaTeX Font Info:    ... okay on input line 12.
LaTeX Font Info:    Checking defaults for T1/cmr/m/n on input line 12.
LaTeX Font Info:    ... okay on input line 12.
LaTeX Font Info:    Checking defaults for OT1/cmr/m/n on input line 12.
LaTeX Font Info:    ... okay on input line 12.
LaTeX Font Info:    Checking defaults for OMS/cmsy/m/n on input line 12.
LaTeX Font Info:    ... okay on input line 12.
LaTeX Font Info:    Checking defaults for OMX/cmex/m/n on input line 12.
LaTeX Font Info:    ... okay on input line 12.
LaTeX Font Info:    Checking defaults for U/cmr/m/n on input line 12.
LaTeX Font Info:    ... okay on input line 12.
 (/usr/share/texmf/tex/context/base/supp-pdf.tex
[Loading MPS to PDF converter (version 2006.09.02).]
\scratchcounter=\count89
\scratchdimen=\dimen106
\scratchbox=\box26
\nofMPsegments=\count90
\nofMParguments=\count91
\everyMPshowfont=\toks15
\MPscratchCnt=\count92
\MPscratchDim=\dimen107
\MPnumerator=\count93
\everyMPtoPDFconversion=\toks16
) (./chapters/titlePagePP.tex
LaTeX Font Info:    External font `cmex10' loaded for size
(Font)              <10.95> on input line 24.
LaTeX Font Info:    External font `cmex10' loaded for size
(Font)              <8> on input line 24.
LaTeX Font Info:    External font `cmex10' loaded for size
(Font)              <6> on input line 24.
 [1

{/var/lib/texmf/fonts/map/pdftex/updmap/pdftex.map}]) (./chapters/abstract.tex 
[1]) (./compiledProjectPlan.toc)
\tf@toc=\write3
\openout3 = `compiledProjectPlan.toc'.

 [1

]
Chapter 1.
(./chapters/dsePPIntro.tex) (./chapters/dsePPMNS.tex) (./chapters/dsePPPOS.tex)
(./chapters/dsePPRequirements.tex) (./chapters/dsePPSystemDescription.tex
[2

]) [3]
Chapter 2.
(./chapters/dsePPWFD.tex
<chapters/img/Workflow_diagram_BR.jpg, id=23, 655.12755pt x 356.17065pt>
File: chapters/img/Workflow_diagram_BR.jpg Graphic file (type jpg)

<use chapters/img/Workflow_diagram_BR.jpg>
<chapters/img/Workflow_diagram_MTR.jpg, id=24, 819.90315pt x 556.479pt>
File: chapters/img/Workflow_diagram_MTR.jpg Graphic file (type jpg)

<use chapters/img/Workflow_diagram_MTR.jpg>
<chapters/img/Workflow_diagram_FR.jpg, id=25, 607.67026pt x 426.99525pt>
File: chapters/img/Workflow_diagram_FR.jpg Graphic file (type jpg)

<use chapters/img/Workflow_diagram_FR.jpg>) (./chapters/dsePPWBS.tex
<chapters/img/Work_break_down_structure.jpg, id=26, 795.09045pt x 576.83505pt>
File: chapters/img/Work_break_down_structure.jpg Graphic file (type jpg)

<use chapters/img/Work_break_down_structure.jpg>)
(./chapters/dsePPProjectApproachDescription.tex [4

]) (./chapters/dsePPOBS.tex
LaTeX Font Info:    Try loading font information for OMS+cmr on input line 7.

(/usr/share/texmf-texlive/tex/latex/base/omscmr.fd
File: omscmr.fd 1999/05/25 v2.5h Standard LaTeX font definitions
)
LaTeX Font Info:    Font shape `OMS/cmr/m/n' in size <10.95> not available
(Font)              Font shape `OMS/cmsy/m/n' tried instead on input line 7.

<chapters/img/Organogram.jpg, id=30, 512.75565pt x 690.4194pt>
File: chapters/img/Organogram.jpg Graphic file (type jpg)

<use chapters/img/Organogram.jpg>) (./chapters/dsePPTimeline.tex [5])
(./chapters/dsePPRiskMP.tex [6] [7]) [8] [9 <./chapters/img/Workflow_diagram_BR
.jpg>] [10 <./chapters/img/Workflow_diagram_MTR.jpg>] [11 <./chapters/img/Workf
low_diagram_FR.jpg>] [12 <./chapters/img/Work_break_down_structure.jpg>]
[13 <./chapters/img/Organogram.jpg>]
Chapter 3.
(./chapters/dseSustainable.tex) [14

]
Appendix A.
[15

] (./compiledProjectPlan.aux) ) 
Here is how much of TeX's memory you used:
 1034 strings out of 95086
 14051 string characters out of 1183255
 63767 words of memory out of 1500000
 4195 multiletter control sequences out of 10000+50000
 11307 words of font info for 39 fonts, out of 1200000 for 2000
 28 hyphenation exceptions out of 8191
 25i,9n,19p,688b,256s stack positions out of 5000i,500n,6000p,200000b,5000s
</usr/share/texmf-texlive/fonts/type1/bluesky/cm
/cmbx10.pfb></usr/share/texmf-texlive/fonts/type1/bluesky/cm/cmbx12.pfb></usr/s
hare/texmf-texlive/fonts/type1/bluesky/cm/cmcsc10.pfb></usr/share/texmf-texlive
/fonts/type1/bluesky/cm/cmr10.pfb></usr/share/texmf-texlive/fonts/type1/bluesky
/cm/cmsy10.pfb></usr/share/texmf-texlive/fonts/type1/bluesky/cm/cmti10.pfb></us
r/share/texmf-texlive/fonts/type1/bluesky/cm/cmti12.pfb>
Output written on compiledProjectPlan.pdf (17 pages, 9396925 bytes).
PDF statistics:
 90 PDF objects out of 1000 (max. 8388607)
 0 named destinations out of 1000 (max. 131072)
 26 words of extra memory for PDF output out of 10000 (max. 10000000)

