This is pdfTeX, Version 3.1415926-1.40.10 (MiKTeX 2.8) (preloaded format=pdflatex 2010.4.9)  8 MAY 2010 22:41
entering extended mode
**C:/Users/Zhuan/Desktop/AE/AE3-001/project/midTermReport/MidTermReview.tex
(C:/Users/Zhuan/Desktop/AE/AE3-001/project/midTermReport/MidTermReview.tex
LaTeX2e <2009/09/24>
Babel <v3.8l> and hyphenation patterns for english, dumylang, nohyphenation, ge
rman, ngerman, german-x-2009-06-19, ngerman-x-2009-06-19, french, loaded.
("C:\Program Files\MiKTeX 2.8\tex\latex\base\report.cls"
Document Class: report 2007/10/19 v1.4h Standard LaTeX document class
("C:\Program Files\MiKTeX 2.8\tex\latex\base\size11.clo"
File: size11.clo 2007/10/19 v1.4h Standard LaTeX file (size option)
)
\c@part=\count79
\c@chapter=\count80
\c@section=\count81
\c@subsection=\count82
\c@subsubsection=\count83
\c@paragraph=\count84
\c@subparagraph=\count85
\c@figure=\count86
\c@table=\count87
\abovecaptionskip=\skip41
\belowcaptionskip=\skip42
\bibindent=\dimen102
)
("C:\Program Files\MiKTeX 2.8\tex\latex\oberdiek\pdflscape.sty"
Package: pdflscape 2008/08/11 v0.10 Landscape pages in PDF (HO)

("C:\Program Files\MiKTeX 2.8\tex\latex\graphics\lscape.sty"
Package: lscape 2000/10/22 v3.01 Landscape Pages (DPC)

("C:\Program Files\MiKTeX 2.8\tex\latex\graphics\graphics.sty"
Package: graphics 2009/02/05 v1.0o Standard LaTeX Graphics (DPC,SPQR)

("C:\Program Files\MiKTeX 2.8\tex\latex\graphics\trig.sty"
Package: trig 1999/03/16 v1.09 sin cos tan (DPC)
)
("C:\Program Files\MiKTeX 2.8\tex\latex\00miktex\graphics.cfg"
File: graphics.cfg 2007/01/18 v1.5 graphics configuration of teTeX/TeXLive
)
Package graphics Info: Driver file: pdftex.def on input line 91.

("C:\Program Files\MiKTeX 2.8\tex\latex\pdftex-def\pdftex.def"
File: pdftex.def 2009/08/25 v0.04m Graphics/color for pdfTeX
\Gread@gobject=\count88
)))
("C:\Program Files\MiKTeX 2.8\tex\generic\oberdiek\ifpdf.sty"
Package: ifpdf 2009/04/10 v2.0 Provides the ifpdf switch (HO)
Package ifpdf Info: pdfTeX in pdf mode detected.
)
Package pdflscape Info: Auto-detected driver: pdftex on input line 75.

("C:\Program Files\MiKTeX 2.8\tex\latex\ifxetex\ifxetex.sty"
Package: ifxetex 2009/01/23 v0.5 Provides ifxetex conditional
))
("C:\Program Files\MiKTeX 2.8\tex\latex\multirow\multirow.sty"
\bigstrutjot=\dimen103
)
("C:\Program Files\MiKTeX 2.8\tex\latex\tools\enumerate.sty"
Package: enumerate 1999/03/05 v3.00 enumerate extensions (DPC)
\@enLab=\toks14
)
("C:\Program Files\MiKTeX 2.8\tex\latex\acronym\acronym.sty"
Package: acronym 2009/10/20 v1.35 Support for acronyms (Tobias Oetiker)

("C:\Program Files\MiKTeX 2.8\tex\latex\bigfoot\suffix.sty"
Package: suffix 2006/07/15 1.5 Variant command support
)
\AC@clearlist=\toks15
)
("C:\Program Files\MiKTeX 2.8\tex\latex\graphics\graphicx.sty"
Package: graphicx 1999/02/16 v1.0f Enhanced LaTeX Graphics (DPC,SPQR)

("C:\Program Files\MiKTeX 2.8\tex\latex\graphics\keyval.sty"
Package: keyval 1999/03/16 v1.13 key=value parser (DPC)
\KV@toks@=\toks16
)
\Gin@req@height=\dimen104
\Gin@req@width=\dimen105
)
("C:\Program Files\MiKTeX 2.8\tex\latex\wrapfig\wrapfig.sty"
\wrapoverhang=\dimen106
\WF@size=\dimen107
\c@WF@wrappedlines=\count89
\WF@box=\box26
\WF@everypar=\toks17
Package: wrapfig 2003/01/31  v 3.6
)
("C:\Program Files\MiKTeX 2.8\tex\latex\ams\math\amsmath.sty"
Package: amsmath 2000/07/18 v2.13 AMS math features
\@mathmargin=\skip43

For additional information on amsmath, use the `?' option.
("C:\Program Files\MiKTeX 2.8\tex\latex\ams\math\amstext.sty"
Package: amstext 2000/06/29 v2.01

("C:\Program Files\MiKTeX 2.8\tex\latex\ams\math\amsgen.sty"
File: amsgen.sty 1999/11/30 v2.0
\@emptytoks=\toks18
\ex@=\dimen108
))
("C:\Program Files\MiKTeX 2.8\tex\latex\ams\math\amsbsy.sty"
Package: amsbsy 1999/11/29 v1.2d
\pmbraise@=\dimen109
)
("C:\Program Files\MiKTeX 2.8\tex\latex\ams\math\amsopn.sty"
Package: amsopn 1999/12/14 v2.01 operator names
)
\inf@bad=\count90
LaTeX Info: Redefining \frac on input line 211.
\uproot@=\count91
\leftroot@=\count92
LaTeX Info: Redefining \overline on input line 307.
\classnum@=\count93
\DOTSCASE@=\count94
LaTeX Info: Redefining \ldots on input line 379.
LaTeX Info: Redefining \dots on input line 382.
LaTeX Info: Redefining \cdots on input line 467.
\Mathstrutbox@=\box27
\strutbox@=\box28
\big@size=\dimen110
LaTeX Font Info:    Redeclaring font encoding OML on input line 567.
LaTeX Font Info:    Redeclaring font encoding OMS on input line 568.
\macc@depth=\count95
\c@MaxMatrixCols=\count96
\dotsspace@=\muskip10
\c@parentequation=\count97
\dspbrk@lvl=\count98
\tag@help=\toks19
\row@=\count99
\column@=\count100
\maxfields@=\count101
\andhelp@=\toks20
\eqnshift@=\dimen111
\alignsep@=\dimen112
\tagshift@=\dimen113
\tagwidth@=\dimen114
\totwidth@=\dimen115
\lineht@=\dimen116
\@envbody=\toks21
\multlinegap=\skip44
\multlinetaggap=\skip45
\mathdisplay@stack=\toks22
LaTeX Info: Redefining \[ on input line 2666.
LaTeX Info: Redefining \] on input line 2667.
)
("C:\Program Files\MiKTeX 2.8\tex\latex\ltxmisc\url.sty"
\Urlmuskip=\muskip11
Package: url 2006/04/12  ver 3.3  Verb mode for urls, etc.
)
("C:\Program Files\MiKTeX 2.8\tex\latex\base\fixltx2e.sty"
Package: fixltx2e 2006/09/13 v1.1m fixes to LaTeX
LaTeX Info: Redefining \em on input line 420.
LaTeX Info: The control sequence `\[' is already robust on input line 471.
LaTeX Info: The control sequence `\]' is already robust on input line 472.
)
(C:\Users\Zhuan\Desktop\AE\AE3-001\project\midTermReport\MidTermReview.aux

LaTeX Warning: Label `fig:WFfinal2' multiply defined.

)
LaTeX Font Info:    Checking defaults for OML/cmm/m/it on input line 24.
LaTeX Font Info:    ... okay on input line 24.
LaTeX Font Info:    Checking defaults for T1/cmr/m/n on input line 24.
LaTeX Font Info:    ... okay on input line 24.
LaTeX Font Info:    Checking defaults for OT1/cmr/m/n on input line 24.
LaTeX Font Info:    ... okay on input line 24.
LaTeX Font Info:    Checking defaults for OMS/cmsy/m/n on input line 24.
LaTeX Font Info:    ... okay on input line 24.
LaTeX Font Info:    Checking defaults for OMX/cmex/m/n on input line 24.
LaTeX Font Info:    ... okay on input line 24.
LaTeX Font Info:    Checking defaults for U/cmr/m/n on input line 24.
LaTeX Font Info:    ... okay on input line 24.
 ("C:\Program Files\MiKTeX 2.8\tex\context\base\supp-pdf.tex"
[Loading MPS to PDF converter (version 2006.09.02).]
\scratchcounter=\count102
\scratchdimen=\dimen117
\scratchbox=\box29
\nofMPsegments=\count103
\nofMParguments=\count104
\everyMPshowfont=\toks23
\MPscratchCnt=\count105
\MPscratchDim=\dimen118
\MPnumerator=\count106
\everyMPtoPDFconversion=\toks24
)
(C:\Users\Zhuan\Desktop\AE\AE3-001\project\midTermReport\chapters/titlePage.tex
[1

{C:/ProgramData/MiKTeX/2.8/pdftex/config/pdftex.map}])
(C:\Users\Zhuan\Desktop\AE\AE3-001\project\midTermReport\chapters/abstract.tex
Package acronym Info: Label `acro:LiDAR' newly defined as it shall be overridde
n
although it is yet undefined on input line 2.

[1]) (C:\Users\Zhuan\Desktop\AE\AE3-001\project\midTermReport\MidTermReview.toc
[1

])
\tf@toc=\write3
 [2]
(C:\Users\Zhuan\Desktop\AE\AE3-001\project\midTermReport\chapters/acronyms.tex)
[3]
Chapter 1.

(C:\Users\Zhuan\Desktop\AE\AE3-001\project\midTermReport\chapters/introduction.
tex
Package acronym Info: Label `acro:GLAS' newly defined as it shall be overridden

although it is yet undefined on input line 2.


LaTeX Warning: Reference `blFuncChapter' on page 4 undefined on input line 9.


LaTeX Warning: Reference `blBudgets' on page 4 undefined on input line 9.


LaTeX Warning: Reference `blRisk' on page 4 undefined on input line 9.


LaTeX Warning: Reference `blDesignOptions' on page 4 undefined on input line 9.



LaTeX Warning: Reference `blSustainable' on page 4 undefined on input line 9.


LaTeX Warning: Reference `blInvestment' on page 4 undefined on input line 9.


LaTeX Warning: Reference `blRAMS1' on page 4 undefined on input line 9.

Package acronym Info: Label `acro:RAMS' newly defined as it shall be overridden

although it is yet undefined on input line 9.
)
(C:\Users\Zhuan\Desktop\AE\AE3-001\project\midTermReport\chapters/technDesignDe
v.tex [4

]
Chapter 2.
)
(C:\Users\Zhuan\Desktop\AE\AE3-001\project\midTermReport\chapters/projectApproa
chDescription.tex [5

])
(C:\Users\Zhuan\Desktop\AE\AE3-001\project\midTermReport\chapters/projectPlanni
ngReview.tex
Package acronym Info: Label `acro:WFD' newly defined as it shall be overridden
although it is yet undefined on input line 4.
Package acronym Info: Label `acro:MTR' newly defined as it shall be overridden
although it is yet undefined on input line 5.

<chapters/img/Workflow_diagram_MTR_v2.png, id=33, 1111.15125pt x 743.77875pt>
File: chapters/img/Workflow_diagram_MTR_v2.png Graphic file (type png)

<use chapters/img/Workflow_diagram_MTR_v2.png>

LaTeX Warning: Float too large for page by 25.72917pt on input line 12.

<chapters/img/Workflow_diagram_FR_v2.png, id=34, 896.34875pt x 704.6325pt>
File: chapters/img/Workflow_diagram_FR_v2.png Graphic file (type png)

<use chapters/img/Workflow_diagram_FR_v2.png>
Overfull \hbox (18.71387pt too wide) in paragraph at lines 21--22
 [][] 
 []


LaTeX Warning: Float too large for page by 25.72917pt on input line 24.

Package acronym Info: Label `acro:WBS' newly defined as it shall be overridden
although it is yet undefined on input line 29.

<chapters/img/Workbreakdown_structure_MTR_v2.png, id=35, 1072.005pt x 753.81625
pt>
File: chapters/img/Workbreakdown_structure_MTR_v2.png Graphic file (type png)
 <use chapters/img/Workbreakdown_structure_MTR_v2.png>

LaTeX Warning: Float too large for page by 25.72917pt on input line 37.


<chapters/img/Workbreakdown_structure_FR_v2.png, id=36, 1101.11375pt x 514.9237
5pt>
File: chapters/img/Workbreakdown_structure_FR_v2.png Graphic file (type png)
 <use chapters/img/Workbreakdown_structure_FR_v2.png>

LaTeX Warning: Float too large for page by 25.72917pt on input line 44.

) [6] [7 <C:/Users/Zhuan/Desktop/AE/AE3-001/project/midTermReport/chapters/img/
Workflow_diagram_MTR_v2.png (PNG copy)>] [8 <C:/Users/Zhuan/Desktop/AE/AE3-001/
project/midTermReport/chapters/img/Workflow_diagram_FR_v2.png (PNG copy)>]
[9 <C:/Users/Zhuan/Desktop/AE/AE3-001/project/midTermReport/chapters/img/Workbr
eakdown_structure_MTR_v2.png (PNG copy)>] [10 <C:/Users/Zhuan/Desktop/AE/AE3-00
1/project/midTermReport/chapters/img/Workbreakdown_structure_FR_v2.png (PNG cop
y)>]
(C:\Users\Zhuan\Desktop\AE\AE3-001\project\midTermReport\chapters/simulation.te
x [11]
Chapter 3.
) (C:\Users\Zhuan\Desktop\AE\AE3-001\project\midTermReport\chapters/orbit.tex
Underfull \hbox (badness 10000) in paragraph at lines 3--5

 []

Package acronym Info: Label `acro:TOD' newly defined as it shall be overridden
although it is yet undefined on input line 6.
Package acronym Info: Label `acro:ECEF' newly defined as it shall be overridden

although it is yet undefined on input line 8.

Underfull \hbox (badness 10000) in paragraph at lines 12--14

 []

[12

]
Package acronym Info: Label `acro:JAT' newly defined as it shall be overridden
although it is yet undefined on input line 17.
)
(C:\Users\Zhuan\Desktop\AE\AE3-001\project\midTermReport\chapters/earthModel.te
x
Package acronym Info: Label `acro:DEM' newly defined as it shall be overridden
although it is yet undefined on input line 4.
) (C:\Users\Zhuan\Desktop\AE\AE3-001\project\midTermReport\chapters/DEM.tex
Package acronym Info: Label `acro:ASTER' newly defined as it shall be overridde
n
although it is yet undefined on input line 5.
Package acronym Info: Label `acro:GDEM' newly defined as it shall be overridden

although it is yet undefined on input line 5.
Package acronym Info: Label `acro:WGS84' newly defined as it shall be overridde
n
although it is yet undefined on input line 10.


LaTeX Warning: Citation `geotools' on page 13 undefined on input line 12.

) (C:\Users\Zhuan\Desktop\AE\AE3-001\project\midTermReport\chapters/scatter.tex
Package acronym Info: Label `acro:BRDF' newly defined as it shall be overridden

although it is yet undefined on input line 3.

LaTeX Warning: Citation `rees' on page 13 undefined on input line 3.


LaTeX Warning: Citation `rees' on page 13 undefined on input line 4.


Underfull \hbox (badness 10000) in paragraph at lines 3--5

 []


LaTeX Warning: Citation `rees' on page 13 undefined on input line 6.


LaTeX Warning: Citation `rees' on page 13 undefined on input line 8.


Underfull \hbox (badness 10000) in paragraph at lines 8--10

 []

[13]

LaTeX Warning: Citation `rees' on page 14 undefined on input line 11.

<chapters/img/scatter.png, id=64, 301.125pt x 250.9375pt>
File: chapters/img/scatter.png Graphic file (type png)

<use chapters/img/scatter.png>)
(C:\Users\Zhuan\Desktop\AE\AE3-001\project\midTermReport\chapters/signPath.tex
Package acronym Info: Label `acro:laser' newly defined as it shall be overridde
n
although it is yet undefined on input line 4.

[14 <C:/Users/Zhuan/Desktop/AE/AE3-001/project/midTermReport/chapters/img/scatt
er.png>] <chapters/img/signalPath.png, id=70, 767.86874pt x 512.91624pt>
File: chapters/img/signalPath.png Graphic file (type png)

<use chapters/img/signalPath.png>)
(C:\Users\Zhuan\Desktop\AE\AE3-001\project\midTermReport\chapters/noise.tex)
(C:\Users\Zhuan\Desktop\AE\AE3-001\project\midTermReport\chapters/dataAnalysis.
tex [15 <C:/Users/Zhuan/Desktop/AE/AE3-001/project/midTermReport/chapters/img/s
ignalPath.png>]
Chapter 4.
) (C:\Users\Zhuan\Desktop\AE\AE3-001\project\midTermReport\chapters/altDet.tex)
(C:\Users\Zhuan\Desktop\AE\AE3-001\project\midTermReport\chapters/BRDFDet.tex)
[16

]
(C:\Users\Zhuan\Desktop\AE\AE3-001\project\midTermReport\chapters/prune.tex
[17]
Chapter 5.
Package acronym Info: Label `acro:ADCS' newly defined as it shall be overridden

although it is yet undefined on input line 4.
)
(C:\Users\Zhuan\Desktop\AE\AE3-001\project\midTermReport\chapters/pruneADCS.tex
Package acronym Info: Label `acro:CMG' newly defined as it shall be overridden
although it is yet undefined on input line 3.
<chapters/img/prunedADCStree.png, id=82, 1012.78375pt x 632.3625pt>
File: chapters/img/prunedADCStree.png Graphic file (type png)

<use chapters/img/prunedADCStree.png>)
(C:\Users\Zhuan\Desktop\AE\AE3-001\project\midTermReport\chapters/pruneOrbit.te
x
Package acronym Info: Label `acro:LEO' newly defined as it shall be overridden
although it is yet undefined on input line 3.
 <chapters/img/PrunedOrbit.jpg, id=83, 548.80031pt x 278.54062pt>
File: chapters/img/PrunedOrbit.jpg Graphic file (type jpg)

<use chapters/img/PrunedOrbit.jpg>)
(C:\Users\Zhuan\Desktop\AE\AE3-001\project\midTermReport\chapters/pruneEPS.tex
Package acronym Info: Label `acro:EPS' newly defined as it shall be overridden
although it is yet undefined on input line 3.

[18

] [19 <C:/Users/Zhuan/Desktop/AE/AE3-001/project/midTermReport/chapters/img/pru
nedADCStree.png (PNG copy)>]
<chapters/img/DOTeps_sourcePruned.png, id=91, 1063.975pt x 446.66875pt>
File: chapters/img/DOTeps_sourcePruned.png Graphic file (type png)

<use chapters/img/DOTeps_sourcePruned.png>

LaTeX Warning: Float too large for page by 25.72917pt on input line 17.

<chapters/img/DOTeps_storagePruned.png, id=92, 324.21124pt x 380.42125pt>
File: chapters/img/DOTeps_storagePruned.png Graphic file (type png)

<use chapters/img/DOTeps_storagePruned.png>
<chapters/img/DOTeps_reganddisPruned.png, id=93, 1081.03876pt x 575.14874pt>
File: chapters/img/DOTeps_reganddisPruned.png Graphic file (type png)

<use chapters/img/DOTeps_reganddisPruned.png>

LaTeX Warning: Float too large for page by 25.72917pt on input line 44.

)
(C:\Users\Zhuan\Desktop\AE\AE3-001\project\midTermReport\chapters/pruneReceiver
.tex
Package acronym Info: Label `acro:MPD' newly defined as it shall be overridden
although it is yet undefined on input line 3.
 [20 <C:/Users/Zhuan/Desktop/AE/AE3-001/project/midTermReport/chapters/img/Prun
edOrbit.jpg>] [21 <C:/Users/Zhuan/Desktop/AE/AE3-001/project/midTermReport/chap
ters/img/DOTeps_sourcePruned.png (PNG copy)>]
<chapters/img/DOTreceiverPruned.jpg, id=100, 834.7185pt x 411.939pt>
File: chapters/img/DOTreceiverPruned.jpg Graphic file (type jpg)

<use chapters/img/DOTreceiverPruned.jpg>

LaTeX Warning: Float too large for page by 25.72917pt on input line 12.

) (C:\Users\Zhuan\Desktop\AE\AE3-001\project\midTermReport\chapters/SS.tex
[22 <C:/Users/Zhuan/Desktop/AE/AE3-001/project/midTermReport/chapters/img/DOTep
s_storagePruned.png (PNG copy)>] [23 <C:/Users/Zhuan/Desktop/AE/AE3-001/project
/midTermReport/chapters/img/DOTeps_reganddisPruned.png (PNG copy)>] [24 <C:/Use
rs/Zhuan/Desktop/AE/AE3-001/project/midTermReport/chapters/img/DOTreceiverPrune
d.jpg>]
Chapter 6.
) (C:\Users\Zhuan\Desktop\AE\AE3-001\project\midTermReport\chapters/SSPRO.tex)
(C:\Users\Zhuan\Desktop\AE\AE3-001\project\midTermReport\chapters/SSOPE.tex)
(C:\Users\Zhuan\Desktop\AE\AE3-001\project\midTermReport\chapters/SSEOL.tex)
[25

] (C:\Users\Zhuan\Desktop\AE\AE3-001\project\midTermReport\MidTermReview.bbl) [
26]
Appendix A.
[27

] (C:\Users\Zhuan\Desktop\AE\AE3-001\project\midTermReport\MidTermReview.aux)

LaTeX Warning: There were undefined references.


LaTeX Warning: There were multiply-defined labels.

 ) 
Here is how much of TeX's memory you used:
 2390 strings out of 495285
 34652 string characters out of 3180395
 85649 words of memory out of 3000000
 5478 multiletter control sequences out of 15000+200000
 13390 words of font info for 47 fonts, out of 3000000 for 9000
 14 hyphenation exceptions out of 8191
 32i,7n,21p,930b,251s stack positions out of 5000i,500n,10000p,200000b,50000s
<C:/Program Files/MiKTeX 2.8/fonts/type1/public/amsfonts/cm/cmbx10.pfb><C:/Pr
ogram Files/MiKTeX 2.8/fonts/type1/public/amsfonts/cm/cmbx12.pfb><C:/Program Fi
les/MiKTeX 2.8/fonts/type1/public/amsfonts/cm/cmcsc10.pfb><C:/Program Files/MiK
TeX 2.8/fonts/type1/public/amsfonts/cm/cmmi10.pfb><C:/Program Files/MiKTeX 2.8/
fonts/type1/public/amsfonts/cm/cmr10.pfb><C:/Program Files/MiKTeX 2.8/fonts/typ
e1/public/amsfonts/cm/cmr7.pfb><C:/Program Files/MiKTeX 2.8/fonts/type1/public/
amsfonts/cm/cmsl10.pfb><C:/Program Files/MiKTeX 2.8/fonts/type1/public/amsfonts
/cm/cmssbx10.pfb><C:/Program Files/MiKTeX 2.8/fonts/type1/public/amsfonts/cm/cm
sy7.pfb><C:/Program Files/MiKTeX 2.8/fonts/type1/public/amsfonts/cm/cmti10.pfb>
<C:/Program Files/MiKTeX 2.8/fonts/type1/public/amsfonts/cm/cmti12.pfb>
Output written on MidTermReview.pdf (29 pages, 752334 bytes).
PDF statistics:
 155 PDF objects out of 1000 (max. 8388607)
 0 named destinations out of 1000 (max. 500000)
 61 words of extra memory for PDF output out of 10000 (max. 10000000)

