This is pdfTeXk, Version 3.141592-1.40.3 (Web2C 7.5.6) (format=pdflatex 2010.5.7)  7 MAY 2010 16:31
entering extended mode
 %&-line parsing enabled.
**simOnly.tex
(./simOnly.tex
LaTeX2e <2005/12/01>
Babel <v3.8h> and hyphenation patterns for english, usenglishmax, dumylang, noh
yphenation, loaded.
(/usr/share/texmf-texlive/tex/latex/base/report.cls
Document Class: report 2005/09/16 v1.4f Standard LaTeX document class
(/usr/share/texmf-texlive/tex/latex/base/size11.clo
File: size11.clo 2005/09/16 v1.4f Standard LaTeX file (size option)
)
\c@part=\count79
\c@chapter=\count80
\c@section=\count81
\c@subsection=\count82
\c@subsubsection=\count83
\c@paragraph=\count84
\c@subparagraph=\count85
\c@figure=\count86
\c@table=\count87
\abovecaptionskip=\skip41
\belowcaptionskip=\skip42
\bibindent=\dimen102
)
(/usr/share/texmf-texlive/tex/latex/oberdiek/pdflscape.sty
Package: pdflscape 2006/04/24 v0.6 Landscape pages in PDF (HO)

(/usr/share/texmf-texlive/tex/latex/graphics/lscape.sty
Package: lscape 2000/10/22 v3.01 Landscape Pages (DPC)

(/usr/share/texmf-texlive/tex/latex/graphics/graphics.sty
Package: graphics 2006/02/20 v1.0o Standard LaTeX Graphics (DPC,SPQR)

(/usr/share/texmf-texlive/tex/latex/graphics/trig.sty
Package: trig 1999/03/16 v1.09 sin cos tan (DPC)
)
(/etc/texmf/tex/latex/config/graphics.cfg
File: graphics.cfg 2007/01/18 v1.5 graphics configuration of teTeX/TeXLive
)
Package graphics Info: Driver file: pdftex.def on input line 90.

(/usr/share/texmf-texlive/tex/latex/pdftex-def/pdftex.def
File: pdftex.def 2007/01/08 v0.04d Graphics/color for pdfTeX
\Gread@gobject=\count88
)))
Package pdflscape Info: Auto-detected driver: `pdftex' on input line 70.
)
(/usr/share/texmf-texlive/tex/latex/multirow/multirow.sty
\bigstrutjot=\dimen103
)
(/usr/share/texmf-texlive/tex/latex/tools/enumerate.sty
Package: enumerate 1999/03/05 v3.00 enumerate extensions (DPC)
\@enLab=\toks14
)
(/usr/share/texmf-texlive/tex/latex/acronym/acronym.sty
Package: acronym 2006/06/26 v1.26 Support for acronyms (Tobias Oetiker)

(/usr/share/texmf-texlive/tex/latex/bigfoot/suffix.sty
Package: suffix 2006/07/15 1.5 Variant command support
)
\clearlist=\toks15
)
(/usr/share/texmf-texlive/tex/latex/graphics/graphicx.sty
Package: graphicx 1999/02/16 v1.0f Enhanced LaTeX Graphics (DPC,SPQR)

(/usr/share/texmf-texlive/tex/latex/graphics/keyval.sty
Package: keyval 1999/03/16 v1.13 key=value parser (DPC)
\KV@toks@=\toks16
)
\Gin@req@height=\dimen104
\Gin@req@width=\dimen105
)
(/usr/share/texmf-texlive/tex/latex/wrapfig/wrapfig.sty
\wrapoverhang=\dimen106
\WF@size=\dimen107
\c@WF@wrappedlines=\count89
\WF@box=\box26
\WF@everypar=\toks17
Package: wrapfig 2003/01/31  v 3.6
)
(/usr/share/texmf-texlive/tex/latex/amsmath/amsmath.sty
Package: amsmath 2000/07/18 v2.13 AMS math features
\@mathmargin=\skip43

For additional information on amsmath, use the `?' option.
(/usr/share/texmf-texlive/tex/latex/amsmath/amstext.sty
Package: amstext 2000/06/29 v2.01

(/usr/share/texmf-texlive/tex/latex/amsmath/amsgen.sty
File: amsgen.sty 1999/11/30 v2.0
\@emptytoks=\toks18
\ex@=\dimen108
))
(/usr/share/texmf-texlive/tex/latex/amsmath/amsbsy.sty
Package: amsbsy 1999/11/29 v1.2d
\pmbraise@=\dimen109
)
(/usr/share/texmf-texlive/tex/latex/amsmath/amsopn.sty
Package: amsopn 1999/12/14 v2.01 operator names
)
\inf@bad=\count90
LaTeX Info: Redefining \frac on input line 211.
\uproot@=\count91
\leftroot@=\count92
LaTeX Info: Redefining \overline on input line 307.
\classnum@=\count93
\DOTSCASE@=\count94
LaTeX Info: Redefining \ldots on input line 379.
LaTeX Info: Redefining \dots on input line 382.
LaTeX Info: Redefining \cdots on input line 467.
\Mathstrutbox@=\box27
\strutbox@=\box28
\big@size=\dimen110
LaTeX Font Info:    Redeclaring font encoding OML on input line 567.
LaTeX Font Info:    Redeclaring font encoding OMS on input line 568.
\macc@depth=\count95
\c@MaxMatrixCols=\count96
\dotsspace@=\muskip10
\c@parentequation=\count97
\dspbrk@lvl=\count98
\tag@help=\toks19
\row@=\count99
\column@=\count100
\maxfields@=\count101
\andhelp@=\toks20
\eqnshift@=\dimen111
\alignsep@=\dimen112
\tagshift@=\dimen113
\tagwidth@=\dimen114
\totwidth@=\dimen115
\lineht@=\dimen116
\@envbody=\toks21
\multlinegap=\skip44
\multlinetaggap=\skip45
\mathdisplay@stack=\toks22
LaTeX Info: Redefining \[ on input line 2666.
LaTeX Info: Redefining \] on input line 2667.
)
(/usr/share/texmf-texlive/tex/latex/ltxmisc/url.sty
\Urlmuskip=\muskip11
Package: url 2005/06/27  ver 3.2  Verb mode for urls, etc.
)
(/usr/share/texmf-texlive/tex/latex/base/fixltx2e.sty
Package: fixltx2e 2006/03/24 v1.1n fixes to LaTeX
LaTeX Info: Redefining \em on input line 420.
LaTeX Info: The control sequence `\[' is already robust on input line 471.
LaTeX Info: The control sequence `\]' is already robust on input line 472.
) (./simOnly.aux)
\openout1 = `simOnly.aux'.

LaTeX Font Info:    Checking defaults for OML/cmm/m/it on input line 24.
LaTeX Font Info:    ... okay on input line 24.
LaTeX Font Info:    Checking defaults for T1/cmr/m/n on input line 24.
LaTeX Font Info:    ... okay on input line 24.
LaTeX Font Info:    Checking defaults for OT1/cmr/m/n on input line 24.
LaTeX Font Info:    ... okay on input line 24.
LaTeX Font Info:    Checking defaults for OMS/cmsy/m/n on input line 24.
LaTeX Font Info:    ... okay on input line 24.
LaTeX Font Info:    Checking defaults for OMX/cmex/m/n on input line 24.
LaTeX Font Info:    ... okay on input line 24.
LaTeX Font Info:    Checking defaults for U/cmr/m/n on input line 24.
LaTeX Font Info:    ... okay on input line 24.

(/usr/share/texmf/tex/context/base/supp-pdf.tex
[Loading MPS to PDF converter (version 2006.09.02).]
\scratchcounter=\count102
\scratchdimen=\dimen117
\scratchbox=\box29
\nofMPsegments=\count103
\nofMParguments=\count104
\everyMPshowfont=\toks23
\MPscratchCnt=\count105
\MPscratchDim=\dimen118
\MPnumerator=\count106
\everyMPtoPDFconversion=\toks24
) (./chapters/simTitlePage.tex [1

{/var/lib/texmf/fonts/map/pdftex/updmap/pdftex.map}]) (./chapters/simAbstract.t
ex
Underfull \hbox (badness 10000) in paragraph at lines 2--4

 []

[1]) (./simOnly.toc)
\tf@toc=\write3
\openout3 = `simOnly.toc'.

 [1

] (./chapters/acronyms.tex)
(./chapters/simIntroduction.tex [2]
Chapter 1.
) (./chapters/simulation.tex [3

]
Chapter 2.
) (./chapters/orbit.tex
Underfull \hbox (badness 10000) in paragraph at lines 3--5

 []


Underfull \hbox (badness 10000) in paragraph at lines 12--14

 []

[4

]) (./chapters/earthModel.tex) (./chapters/DEM.tex) (./chapters/scatter.tex
Underfull \hbox (badness 10000) in paragraph at lines 3--5

 []


Underfull \hbox (badness 10000) in paragraph at lines 8--10

 []

[5] <chapters/img/scatter.png, id=34, 301.125pt x 250.9375pt>
File: chapters/img/scatter.png Graphic file (type png)

<use chapters/img/scatter.png>) (./chapters/signPath.tex [6 <./chapters/img/sca
tter.png>] <chapters/img/signalPath.png, id=39, 767.86874pt x 512.91624pt>
File: chapters/img/signalPath.png Graphic file (type png)

<use chapters/img/signalPath.png>) (./chapters/noise.tex)
(./chapters/dataAnalysis.tex [7 <./chapters/img/signalPath.png>]
Chapter 3.
) (./chapters/altDet.tex) (./chapters/BRDFDet.tex) [8

] (./simOnly.bbl [9])
[10

] (./simOnly.aux) ) 
Here is how much of TeX's memory you used:
 2095 strings out of 95086
 25376 string characters out of 1183256
 78715 words of memory out of 1500000
 5209 multiletter control sequences out of 10000+50000
 13603 words of font info for 48 fonts, out of 1200000 for 2000
 28 hyphenation exceptions out of 8191
 32i,5n,21p,847b,251s stack positions out of 5000i,500n,6000p,200000b,5000s
</usr/share/texmf-texlive/fonts/type1/bluesky/cm/cmbx10.pfb>
</usr/share/texmf-texlive/fonts/type1/bluesky/cm/cmbx12.pfb></usr/share/texmf-t
exlive/fonts/type1/bluesky/cm/cmcsc10.pfb></usr/share/texmf-texlive/fonts/type1
/bluesky/cm/cmmi10.pfb></usr/share/texmf-texlive/fonts/type1/bluesky/cm/cmr10.p
fb></usr/share/texmf-texlive/fonts/type1/bluesky/cm/cmsl10.pfb></usr/share/texm
f-texlive/fonts/type1/bluesky/cm/cmssbx10.pfb></usr/share/texmf-texlive/fonts/t
ype1/bluesky/cm/cmsy7.pfb></usr/share/texmf-texlive/fonts/type1/bluesky/cm/cmti
10.pfb></usr/share/texmf-texlive/fonts/type1/bluesky/cm/cmti12.pfb></usr/share/
texmf-texlive/fonts/type1/bluesky/cm/cmtt10.pfb>
Output written on simOnly.pdf (12 pages, 160174 bytes).
PDF statistics:
 89 PDF objects out of 1000 (max. 8388607)
 0 named destinations out of 1000 (max. 131072)
 11 words of extra memory for PDF output out of 10000 (max. 10000000)

